<?xml version="1.0" encoding="UTF-8"?>
<!-- Generated by org.testng.reporters.JUnitXMLReporter -->
<testsuite ignored="1" hostname="SP01B01ZZ4548A" failures="0" tests="2" name="Surefire test" time="6.546" errors="0" timestamp="2022-07-06T07:50:22 AST">
  <testcase classname="todo.testcases.LoginTest" name="shouldBeAbleToLoginWithEmailAndPassword" time="3.373"/>
  <testcase classname="todo.testcases.TodoTest" name="shouldBeAbleToAddNewTodo" time="4.028"/>
  <testcase classname="todo.testcases.TodoTest" name="shouldBeAbleToDeleteTodo" time="0.0">
    <ignored/>
  </testcase> <!-- shouldBeAbleToDeleteTodo -->
</testsuite> <!-- Surefire test -->
