<?xml version="1.0" encoding="UTF-8"?>
<!-- Generated by org.testng.reporters.JUnitXMLReporter -->
<testsuite ignored="1" hostname="SP01B01ZZ4548A" failures="0" tests="2" name="Command line test" time="9.991" errors="0" timestamp="2022-07-04T14:23:26 AST">
  <testcase classname="todo.testcases.LoginTest" name="shouldBeAbleToLoginWithEmailAndPassword" time="3.533"/>
  <testcase classname="todo.testcases.TodoTest" name="shouldBeAbleToAddNewTodo" time="3.427"/>
  <testcase classname="todo.testcases.TodoTest" name="shouldBeAbleToDeleteTodo" time="0.0">
    <ignored/>
  </testcase> <!-- shouldBeAbleToDeleteTodo -->
</testsuite> <!-- Command line test -->
