<?xml version="1.0" encoding="UTF-8"?>
<testng-results ignored="1" total="3" passed="2" failed="0" skipped="0">
  <reporter-output>
  </reporter-output>
  <suite started-at="2022-07-06T07:50:15 AST" name="Surefire suite" finished-at="2022-07-06T07:50:22 AST" duration-ms="6546">
    <groups>
    </groups>
    <test started-at="2022-07-06T07:50:15 AST" name="Surefire test" finished-at="2022-07-06T07:50:22 AST" duration-ms="6546">
      <class name="todo.testcases.TodoTest">
        <test-method is-config="true" signature="setup()[pri:0, instance:todo.testcases.TodoTest@6fe7aac8]" started-at="2022-07-06T07:50:15 AST" name="setup" finished-at="2022-07-06T07:50:18 AST" duration-ms="2350" status="PASS">
          <reporter-output>
          </reporter-output>
        </test-method> <!-- setup -->
        <test-method signature="shouldBeAbleToAddNewTodo()[pri:0, instance:todo.testcases.TodoTest@6fe7aac8]" started-at="2022-07-06T07:50:18 AST" name="shouldBeAbleToAddNewTodo" finished-at="2022-07-06T07:50:22 AST" duration-ms="4028" status="PASS">
          <reporter-output>
          </reporter-output>
        </test-method> <!-- shouldBeAbleToAddNewTodo -->
        <test-method is-config="true" signature="tearDown()[pri:0, instance:todo.testcases.TodoTest@6fe7aac8]" started-at="2022-07-06T07:50:22 AST" name="tearDown" finished-at="2022-07-06T07:50:22 AST" duration-ms="139" status="PASS">
          <reporter-output>
          </reporter-output>
        </test-method> <!-- tearDown -->
      </class> <!-- todo.testcases.TodoTest -->
      <class name="todo.testcases.LoginTest">
        <test-method is-config="true" signature="setup()[pri:0, instance:todo.testcases.LoginTest@22a637e7]" started-at="2022-07-06T07:50:15 AST" name="setup" finished-at="2022-07-06T07:50:17 AST" duration-ms="2180" status="PASS">
          <reporter-output>
          </reporter-output>
        </test-method> <!-- setup -->
        <test-method signature="shouldBeAbleToLoginWithEmailAndPassword()[pri:0, instance:todo.testcases.LoginTest@22a637e7]" started-at="2022-07-06T07:50:17 AST" name="shouldBeAbleToLoginWithEmailAndPassword" finished-at="2022-07-06T07:50:21 AST" duration-ms="3373" status="PASS">
          <reporter-output>
          </reporter-output>
        </test-method> <!-- shouldBeAbleToLoginWithEmailAndPassword -->
        <test-method is-config="true" signature="tearDown()[pri:0, instance:todo.testcases.LoginTest@22a637e7]" started-at="2022-07-06T07:50:21 AST" name="tearDown" finished-at="2022-07-06T07:50:21 AST" duration-ms="160" status="PASS">
          <reporter-output>
          </reporter-output>
        </test-method> <!-- tearDown -->
      </class> <!-- todo.testcases.LoginTest -->
    </test> <!-- Surefire test -->
  </suite> <!-- Surefire suite -->
</testng-results>
